<?xml version="1.0" encoding="UTF-8" ?>
<testsuite tests="2" failures="0" name="kr.co.torpedo.MyBatisTest" time="1.66" errors="0" skipped="0">
  <properties>
    <property name="java.runtime.name" value="OpenJDK Runtime Environment"/>
    <property name="sun.boot.library.path" value="C:\Program Files\Zulu\zulu8.38.0.13-ca-jdk8.0.212-win_x64\jre\bin"/>
    <property name="java.vm.version" value="25.212-b04"/>
    <property name="java.vm.vendor" value="Azul Systems, Inc."/>
    <property name="maven.multiModuleProjectDirectory" value="D:\eclipse_workspace\WebServiceManager"/>
    <property name="java.vendor.url" value="http://www.azulsystems.com/"/>
    <property name="path.separator" value=";"/>
    <property name="guice.disable.misplaced.annotation.check" value="true"/>
    <property name="java.vm.name" value="OpenJDK 64-Bit Server VM"/>
    <property name="file.encoding.pkg" value="sun.io"/>
    <property name="user.script" value=""/>
    <property name="user.country" value="KR"/>
    <property name="sun.java.launcher" value="SUN_STANDARD"/>
    <property name="sun.os.patch.level" value=""/>
    <property name="java.vm.specification.name" value="Java Virtual Machine Specification"/>
    <property name="user.dir" value="D:\eclipse_workspace\WebServiceManager"/>
    <property name="java.runtime.version" value="1.8.0_212-b04"/>
    <property name="java.awt.graphicsenv" value="sun.awt.Win32GraphicsEnvironment"/>
    <property name="java.endorsed.dirs" value="C:\Program Files\Zulu\zulu8.38.0.13-ca-jdk8.0.212-win_x64\jre\lib\endorsed"/>
    <property name="os.arch" value="amd64"/>
    <property name="java.io.tmpdir" value="C:\Users\user\AppData\Local\Temp\"/>
    <property name="line.separator" value="
"/>
    <property name="java.vm.specification.vendor" value="Oracle Corporation"/>
    <property name="user.variant" value=""/>
    <property name="os.name" value="Windows 10"/>
    <property name="classworlds.conf" value="D:\eclipse_workspace\.metadata\.plugins\org.eclipse.m2e.launching\launches\m2conf7014435712045511845.tmp"/>
    <property name="sun.jnu.encoding" value="MS949"/>
    <property name="java.library.path" value="C:\Program Files\Zulu\zulu8.38.0.13-ca-jdk8.0.212-win_x64\bin;C:\Windows\Sun\Java\bin;C:\Windows\system32;C:\Windows;C:/Program Files/Zulu/zulu8.38.0.13-ca-jdk8.0.212-win_x64/bin/../jre/bin/server;C:/Program Files/Zulu/zulu8.38.0.13-ca-jdk8.0.212-win_x64/bin/../jre/bin;C:/Program Files/Zulu/zulu8.38.0.13-ca-jdk8.0.212-win_x64/bin/../jre/lib/amd64;C:\Program Files\Zulu\zulu8.38.0.13-ca-jdk8.0.212-win_x64\bin;C:\Program Files (x86)\Intel\Intel(R) Management Engine Components\iCLS\;C:\Program Files\Intel\Intel(R) Management Engine Components\iCLS\;C:\Windows\system32;C:\Windows;C:\Windows\System32\Wbem;C:\Windows\System32\WindowsPowerShell\v1.0\;C:\Windows\System32\OpenSSH\;C:\Program Files (x86)\Intel\Intel(R) Management Engine Components\DAL;C:\Program Files\Intel\Intel(R) Management Engine Components\DAL;D:\tool\putty\;D:\tool\Git\cmd;C:\Program Files\Zulu\zulu8.38.0.13-ca-jdk8.0.212-win_x64\bin;C:\Users\user\AppData\Local\Microsoft\WindowsApps;C:\Program Files\Bandizip\;;D:\tool\Docker Toolbox;D:\tool\Microsoft VS Code\bin;D:\tool\eclipse;;."/>
    <property name="java.specification.name" value="Java Platform API Specification"/>
    <property name="java.class.version" value="52.0"/>
    <property name="sun.management.compiler" value="HotSpot 64-Bit Tiered Compilers"/>
    <property name="os.version" value="10.0"/>
    <property name="user.home" value="C:\Users\user"/>
    <property name="user.timezone" value="Asia/Seoul"/>
    <property name="java.awt.printerjob" value="sun.awt.windows.WPrinterJob"/>
    <property name="java.specification.version" value="1.8"/>
    <property name="file.encoding" value="UTF-8"/>
    <property name="user.name" value="user"/>
    <property name="java.class.path" value="D:\tool\eclipse\plugins\org.eclipse.m2e.maven.runtime_1.11.0.20190220-2117\jars\plexus-classworlds-2.5.2.jar"/>
    <property name="java.vm.specification.version" value="1.8"/>
    <property name="sun.arch.data.model" value="64"/>
    <property name="java.home" value="C:\Program Files\Zulu\zulu8.38.0.13-ca-jdk8.0.212-win_x64\jre"/>
    <property name="sun.java.command" value="org.codehaus.plexus.classworlds.launcher.Launcher -B clean install"/>
    <property name="java.specification.vendor" value="Oracle Corporation"/>
    <property name="user.language" value="ko"/>
    <property name="awt.toolkit" value="sun.awt.windows.WToolkit"/>
    <property name="java.vm.info" value="mixed mode"/>
    <property name="java.version" value="1.8.0_212"/>
    <property name="java.ext.dirs" value="C:\Program Files\Zulu\zulu8.38.0.13-ca-jdk8.0.212-win_x64\jre\lib\ext;C:\Windows\Sun\Java\lib\ext"/>
    <property name="sun.boot.class.path" value="C:\Program Files\Zulu\zulu8.38.0.13-ca-jdk8.0.212-win_x64\jre\lib\resources.jar;C:\Program Files\Zulu\zulu8.38.0.13-ca-jdk8.0.212-win_x64\jre\lib\rt.jar;C:\Program Files\Zulu\zulu8.38.0.13-ca-jdk8.0.212-win_x64\jre\lib\sunrsasign.jar;C:\Program Files\Zulu\zulu8.38.0.13-ca-jdk8.0.212-win_x64\jre\lib\jsse.jar;C:\Program Files\Zulu\zulu8.38.0.13-ca-jdk8.0.212-win_x64\jre\lib\jce.jar;C:\Program Files\Zulu\zulu8.38.0.13-ca-jdk8.0.212-win_x64\jre\lib\charsets.jar;C:\Program Files\Zulu\zulu8.38.0.13-ca-jdk8.0.212-win_x64\jre\lib\jfr.jar;C:\Program Files\Zulu\zulu8.38.0.13-ca-jdk8.0.212-win_x64\jre\classes"/>
    <property name="java.vendor" value="Azul Systems, Inc."/>
    <property name="maven.home" value="D:\eclipse_workspace\WebServiceManager\EMBEDDED"/>
    <property name="file.separator" value="\"/>
    <property name="java.vendor.url.bug" value="http://www.azulsystems.com/support/"/>
    <property name="sun.cpu.endian" value="little"/>
    <property name="sun.io.unicode.encoding" value="UnicodeLittle"/>
    <property name="sun.desktop" value="windows"/>
    <property name="sun.cpu.isalist" value="amd64"/>
  </properties>
  <testcase classname="kr.co.torpedo.MyBatisTest" name="testFactory" time="1.655"/>
  <testcase classname="kr.co.torpedo.MyBatisTest" name="testSession" time="0.005"/>
</testsuite>